[2026-04-03T04:21:05.669Z] [INFO] 🗄️  SQLite geöffnet: C:\Users\m.emanuel\Desktop\PixFrameWorkspace\PixFrame-Data\data\pixframe.sqlite (NEU) 
[2026-04-03T04:21:05.690Z] [INFO] 🏗️  Erstelle Schema v1 ... 
[2026-04-03T04:21:05.701Z] [INFO] ✅ Schema erstellt. 
[2026-04-03T04:21:05.704Z] [INFO] 🌱 Lege 17 Standardartikel an ... 
[2026-04-03T04:21:05.707Z] [INFO] ✅ 17 Standardartikel angelegt, Counter = 17 
[2026-04-03T04:21:05.709Z] [INFO] ✅ Datenbank bereit. 
[2026-04-03T04:21:06.727Z] [INFO] GET /api/health 
[2026-04-03T04:21:09.446Z] [INFO] GET /api/customers 
[2026-04-03T04:21:09.452Z] [INFO] GET /api/suppliers 
[2026-04-03T04:21:09.455Z] [INFO] GET /api/projects 
[2026-04-03T04:21:09.458Z] [INFO] GET /api/documents 
[2026-04-03T04:21:09.516Z] [INFO] GET /api/settings 
[2026-04-03T04:21:44.634Z] [INFO] GET /api/settings 
[2026-04-03T04:21:44.657Z] [INFO] GET /api/backup/list 
[2026-04-03T04:21:44.661Z] [INFO] GET /api/backup/list 
[2026-04-03T04:21:46.422Z] [INFO] GET /api/workspace/info 
[2026-04-03T04:24:24.287Z] [INFO] 🗄️  SQLite geöffnet: C:\test\test\data\pixframe.sqlite (vorhanden) 
[2026-04-03T04:24:24.294Z] [INFO] 📊 Schema v1 ist aktuell. 
[2026-04-03T04:24:24.297Z] [INFO] ✅ Datenbank bereit. 
[2026-04-03T04:24:25.294Z] [INFO] GET /api/health 
[2026-04-03T04:24:27.681Z] [INFO] GET /api/customers 
[2026-04-03T04:24:27.687Z] [INFO] GET /api/suppliers 
[2026-04-03T04:24:27.689Z] [INFO] GET /api/projects 
[2026-04-03T04:24:27.692Z] [INFO] GET /api/documents 
[2026-04-03T04:24:27.741Z] [INFO] GET /api/settings 
[2026-04-03T04:27:24.974Z] [INFO] GET /api/settings 
[2026-04-03T04:27:25.003Z] [INFO] GET /api/backup/list 
[2026-04-03T04:27:25.013Z] [INFO] GET /api/backup/list 
[2026-04-03T04:27:28.522Z] [INFO] GET /api/workspace/info 
[2026-04-03T04:43:59.586Z] [INFO] GET /api/customers 
[2026-04-03T04:43:59.588Z] [INFO] GET /api/suppliers 
[2026-04-03T04:43:59.590Z] [INFO] GET /api/projects 
[2026-04-03T04:43:59.596Z] [INFO] GET /api/documents 
[2026-04-03T04:43:59.606Z] [INFO] GET /api/settings 
[2026-04-03T04:44:02.423Z] [INFO] GET /api/articles 
[2026-04-03T04:44:02.427Z] [INFO] GET /api/settings 
[2026-04-03T04:44:02.432Z] [INFO] GET /api/documents/project/projects_40319f3f 
[2026-04-03T04:44:18.079Z] [INFO] 🔒 Datenbank geschlossen. 
[2026-04-03T04:44:24.037Z] [INFO] 🗄️  SQLite geöffnet: C:\test\test\data\pixframe.sqlite (vorhanden) 
[2026-04-03T04:44:24.041Z] [INFO] 📊 Schema v1 ist aktuell. 
[2026-04-03T04:44:24.044Z] [INFO] ✅ Datenbank bereit. 
[2026-04-03T04:44:25.104Z] [INFO] GET /api/health 
[2026-04-03T04:44:27.059Z] [INFO] GET /api/customers 
[2026-04-03T04:44:27.063Z] [INFO] GET /api/suppliers 
[2026-04-03T04:44:27.064Z] [INFO] GET /api/projects 
[2026-04-03T04:44:27.067Z] [INFO] GET /api/documents 
[2026-04-03T04:44:27.105Z] [INFO] GET /api/settings 
[2026-04-03T04:44:57.297Z] [INFO] GET /api/articles 
[2026-04-03T04:44:57.300Z] [INFO] GET /api/settings 
[2026-04-03T04:44:57.305Z] [INFO] GET /api/documents/project/projects_40319f3f 
[2026-04-03T14:47:09.477Z] [INFO] 🔒 Datenbank geschlossen. 
[2026-04-03T14:47:16.422Z] [INFO] 🗄️  SQLite geöffnet: C:\test\test\data\pixframe.sqlite (vorhanden) 
[2026-04-03T14:47:16.429Z] [INFO] 📊 Schema v1 ist aktuell. 
[2026-04-03T14:47:16.433Z] [INFO] ✅ Datenbank bereit. 
[2026-04-03T14:47:17.409Z] [INFO] GET /api/health 
[2026-04-03T14:47:20.485Z] [INFO] GET /api/customers 
[2026-04-03T14:47:20.490Z] [INFO] GET /api/suppliers 
[2026-04-03T14:47:20.493Z] [INFO] GET /api/projects 
[2026-04-03T14:47:20.498Z] [INFO] GET /api/documents 
[2026-04-03T14:47:20.566Z] [INFO] GET /api/settings 
[2026-04-03T14:47:25.272Z] [INFO] GET /api/articles 
[2026-04-03T14:47:25.276Z] [INFO] GET /api/settings 
[2026-04-03T14:47:25.284Z] [INFO] GET /api/documents/project/projects_40319f3f 
[2026-04-03T14:47:30.754Z] [INFO] GET /api/documents/documents_569a6f87 
[2026-04-03T14:47:30.762Z] [INFO] GET /api/settings 
[2026-04-03T14:47:30.784Z] [INFO] GET /api/customers/customers_bba50869 
[2026-04-03T14:47:30.786Z] [INFO] GET /api/projects/projects_40319f3f 
[2026-04-03T14:47:32.871Z] [INFO] GET /api/documents/documents_569a6f87 
[2026-04-03T14:47:32.875Z] [INFO] GET /api/settings 
[2026-04-03T14:47:32.894Z] [INFO] GET /api/customers/customers_bba50869 
[2026-04-03T14:47:32.896Z] [INFO] GET /api/projects/projects_40319f3f 
[2026-04-03T14:47:34.732Z] [INFO] POST /api/workspace/save-pdf 
[2026-04-03T14:47:34.738Z] [INFO] 📄 PDF gespeichert: auftraege\K-00002\projects_40319f3f\dokumente\Dokument_v2.pdf 
[2026-04-03T14:47:58.796Z] [INFO] GET /api/suppliers 
[2026-04-03T14:47:58.800Z] [INFO] GET /api/customers 
[2026-04-03T14:47:58.805Z] [INFO] GET /api/projects 
[2026-04-03T14:47:58.813Z] [INFO] GET /api/documents 
[2026-04-03T14:47:58.826Z] [INFO] GET /api/settings 
[2026-04-03T14:48:04.047Z] [INFO] POST /api/projects 
[2026-04-03T14:48:04.058Z] [INFO] 📁 Projektordner erstellt: auftraege\K-00001\projects_03231f27 "Neue Anfrage"
[2026-04-03T14:48:04.060Z] [INFO] ✅ Auftrag erstellt: projects_03231f27 "Neue Anfrage"
[2026-04-03T14:48:04.073Z] [INFO] GET /api/settings 
[2026-04-03T14:48:04.081Z] [INFO] GET /api/documents/project/projects_03231f27 
[2026-04-03T14:48:10.285Z] [INFO] PUT /api/projects/projects_03231f27 
[2026-04-03T14:48:10.292Z] [INFO] ✅ Auftrag aktualisiert: projects_03231f27 
[2026-04-03T14:48:10.299Z] [INFO] PUT /api/projects/projects_03231f27 
[2026-04-03T14:48:10.301Z] [INFO] ✅ Auftrag aktualisiert: projects_03231f27 
[2026-04-03T14:48:12.977Z] [INFO] PUT /api/projects/projects_03231f27 
[2026-04-03T14:48:12.983Z] [INFO] ✅ Auftrag aktualisiert: projects_03231f27 
[2026-04-03T14:48:12.990Z] [INFO] GET /api/projects 
[2026-04-03T14:48:18.134Z] [INFO] GET /api/settings 
[2026-04-03T14:48:18.159Z] [INFO] GET /api/articles 
[2026-04-03T14:48:30.157Z] [INFO] POST /api/documents/generate 
[2026-04-03T14:48:30.170Z] [INFO] ✅ Angebot erstellt: A-2026-04/00003 
[2026-04-03T14:48:30.175Z] [INFO] GET /api/documents 
[2026-04-03T14:48:30.194Z] [INFO] GET /api/documents 
[2026-04-03T14:48:30.205Z] [INFO] GET /api/documents/project/projects_03231f27 
[2026-04-03T14:50:30.442Z] [INFO] GET /api/workspace/info 
[2026-04-03T14:50:35.095Z] [INFO] GET /api/workspace/info 
[2026-04-03T14:50:43.353Z] [INFO] GET /api/workspace/info 
[2026-04-03T14:50:46.907Z] [INFO] GET /api/workspace/info 
[2026-04-03T14:54:29.413Z] [INFO] 🔒 Datenbank geschlossen. 
[2026-04-03T15:04:36.804Z] [INFO] 🗄️  SQLite geöffnet: C:\test\test\data\pixframe.sqlite (vorhanden) 
[2026-04-03T15:04:36.824Z] [INFO] 📊 Schema v1 ist aktuell. 
[2026-04-03T15:04:36.829Z] [INFO] ✅ Datenbank bereit. 
[2026-04-03T15:04:37.776Z] [INFO] GET /api/health 
[2026-04-03T15:04:41.824Z] [INFO] GET /api/customers 
[2026-04-03T15:04:41.829Z] [INFO] GET /api/suppliers 
[2026-04-03T15:04:41.833Z] [INFO] GET /api/projects 
[2026-04-03T15:04:41.840Z] [INFO] GET /api/documents 
[2026-04-03T15:04:41.897Z] [INFO] GET /api/settings 
[2026-04-03T15:05:02.306Z] [INFO] POST /api/projects 
[2026-04-03T15:05:02.322Z] [INFO] 📁 Projektordner erstellt: auftraege\K-00002\projects_8c0b70ca "Neue Anfrage"
[2026-04-03T15:05:02.324Z] [INFO] ✅ Auftrag erstellt: projects_8c0b70ca "Neue Anfrage"
[2026-04-03T15:05:03.142Z] [INFO] GET /api/settings 
[2026-04-03T15:05:03.155Z] [INFO] GET /api/articles 
[2026-04-03T15:05:03.162Z] [INFO] GET /api/documents/project/projects_8c0b70ca 
[2026-04-03T15:06:05.936Z] [INFO] GET /api/projects 
[2026-04-03T15:06:05.945Z] [INFO] GET /api/documents 
[2026-04-03T15:06:05.956Z] [INFO] GET /api/customers 
[2026-04-03T15:06:05.966Z] [INFO] GET /api/fibu 
[2026-04-03T15:06:09.041Z] [INFO] GET /api/settings 
[2026-04-03T15:06:09.046Z] [INFO] GET /api/documents 
[2026-04-03T15:06:09.055Z] [INFO] GET /api/customers 
[2026-04-03T15:06:09.058Z] [INFO] GET /api/projects 
[2026-04-03T15:06:09.060Z] [INFO] GET /api/fibu 
[2026-04-03T15:06:10.852Z] [INFO] POST /api/workspace/save-pdf 
[2026-04-03T15:09:47.305Z] [INFO] GET /api/customers 
[2026-04-03T15:09:47.311Z] [INFO] GET /api/suppliers 
[2026-04-03T15:09:47.318Z] [INFO] GET /api/documents 
[2026-04-03T15:09:47.328Z] [INFO] GET /api/projects 
[2026-04-03T15:09:47.339Z] [INFO] GET /api/settings 
[2026-04-03T15:09:49.325Z] [INFO] GET /api/projects 
[2026-04-03T15:09:49.341Z] [INFO] GET /api/documents 
[2026-04-03T15:09:49.355Z] [INFO] GET /api/customers 
[2026-04-03T15:09:49.361Z] [INFO] GET /api/settings 
[2026-04-03T15:09:49.373Z] [INFO] GET /api/holidays/feiertage 
[2026-04-03T15:09:49.468Z] [INFO] GET /api/holidays/ferien 
[2026-04-03T15:10:44.197Z] [INFO] GET /api/settings 
[2026-04-03T15:10:44.219Z] [INFO] GET /api/backup/list 
[2026-04-03T15:10:44.227Z] [INFO] GET /api/backup/list 
[2026-04-03T18:36:58.062Z] [INFO] GET /api/settings 
[2026-04-03T18:36:58.121Z] [INFO] GET /api/backup/list 
[2026-04-03T18:36:58.147Z] [INFO] GET /api/backup/list 
[2026-04-03T18:37:04.108Z] [INFO] GET /api/workspace/info 
[2026-04-03T18:37:09.218Z] [INFO] GET /api/customers 
[2026-04-03T18:37:09.226Z] [INFO] GET /api/suppliers 
[2026-04-03T18:37:09.233Z] [INFO] GET /api/projects 
[2026-04-03T18:37:09.257Z] [INFO] GET /api/documents 
[2026-04-03T18:37:09.298Z] [INFO] GET /api/settings 
[2026-04-03T18:37:11.463Z] [INFO] GET /api/articles 
[2026-04-03T18:37:11.475Z] [INFO] GET /api/settings 
[2026-04-03T18:37:11.501Z] [INFO] GET /api/documents/project/projects_40319f3f 
[2026-04-03T18:38:52.110Z] [INFO] 🔒 Datenbank geschlossen. 
[2026-04-03T18:38:59.180Z] [INFO] 🗄️  SQLite geöffnet: C:\test\test\data\pixframe.sqlite (vorhanden) 
[2026-04-03T18:38:59.189Z] [INFO] 📊 Schema v1 ist aktuell. 
[2026-04-03T18:38:59.194Z] [INFO] ✅ Datenbank bereit. 
[2026-04-03T18:39:00.212Z] [INFO] GET /api/health 
[2026-04-03T18:39:04.866Z] [INFO] GET /api/customers 
[2026-04-03T18:39:04.875Z] [INFO] GET /api/suppliers 
[2026-04-03T18:39:04.879Z] [INFO] GET /api/projects 
[2026-04-03T18:39:04.890Z] [INFO] GET /api/documents 
[2026-04-03T18:39:04.954Z] [INFO] GET /api/settings 
[2026-04-03T18:39:30.485Z] [INFO] GET /api/articles 
[2026-04-03T18:39:30.496Z] [INFO] GET /api/settings 
[2026-04-03T18:39:30.507Z] [INFO] GET /api/documents/project/projects_40319f3f 
[2026-04-03T18:43:33.018Z] [INFO] GET /api/customers 
[2026-04-03T18:43:33.027Z] [INFO] GET /api/suppliers 
[2026-04-03T18:43:33.032Z] [INFO] GET /api/projects 
[2026-04-03T18:43:33.039Z] [INFO] GET /api/documents 
[2026-04-03T18:43:33.054Z] [INFO] GET /api/settings 
[2026-04-03T18:43:34.209Z] [INFO] GET /api/settings 
[2026-04-03T18:43:34.219Z] [INFO] GET /api/documents/project/projects_6de471c6 
[2026-04-03T18:43:41.828Z] [INFO] GET /api/workspace/info 
[2026-04-03T18:44:21.230Z] [INFO] GET /api/settings 
[2026-04-03T19:13:22.362Z] [INFO] 🔒 Datenbank geschlossen. 
[2026-04-03T19:56:09.672Z] [INFO] 🗄️  SQLite geöffnet: C:\test\test\data\pixframe.sqlite (vorhanden) 
[2026-04-03T19:56:09.677Z] [INFO] 📊 Schema v1 ist aktuell. 
[2026-04-03T19:56:09.680Z] [INFO] ✅ Datenbank bereit. 
[2026-04-03T19:56:10.683Z] [INFO] GET /api/health 
[2026-04-03T19:56:12.634Z] [INFO] GET /api/customers 
[2026-04-03T19:56:12.639Z] [INFO] GET /api/suppliers 
[2026-04-03T19:56:12.642Z] [INFO] GET /api/projects 
[2026-04-03T19:56:12.648Z] [INFO] GET /api/documents 
[2026-04-03T19:56:12.703Z] [INFO] GET /api/settings 
[2026-04-03T19:56:17.979Z] [INFO] POST /api/projects 
[2026-04-03T19:56:17.986Z] [INFO] 📁 Projektordner erstellt: auftraege\K-00002\projects_471bc4c6 "Neue Anfrage"
[2026-04-03T19:56:17.987Z] [INFO] ✅ Auftrag erstellt: projects_471bc4c6 "Neue Anfrage"
[2026-04-03T19:56:18.326Z] [INFO] GET /api/articles 
[2026-04-03T19:56:18.329Z] [INFO] GET /api/settings 
[2026-04-03T19:56:18.335Z] [INFO] GET /api/documents/project/projects_471bc4c6 
[2026-04-03T19:56:21.458Z] [INFO] PUT /api/projects/projects_471bc4c6 
[2026-04-03T19:56:21.461Z] [INFO] ✅ Auftrag aktualisiert: projects_471bc4c6 
[2026-04-03T19:56:21.467Z] [INFO] PUT /api/projects/projects_471bc4c6 
[2026-04-03T19:56:21.469Z] [INFO] ✅ Auftrag aktualisiert: projects_471bc4c6 
[2026-04-03T19:56:26.091Z] [INFO] PUT /api/projects/projects_471bc4c6 
[2026-04-03T19:56:26.094Z] [INFO] ✅ Auftrag aktualisiert: projects_471bc4c6 
[2026-04-03T19:56:26.099Z] [INFO] GET /api/projects 
[2026-04-03T19:56:31.542Z] [INFO] GET /api/projects/next-contract-number 
[2026-04-03T19:56:31.549Z] [INFO] PUT /api/projects/projects_471bc4c6 
[2026-04-03T19:56:31.551Z] [INFO] ✅ Auftrag aktualisiert: projects_471bc4c6 
[2026-04-03T19:56:31.558Z] [INFO] PUT /api/projects/projects_471bc4c6 
[2026-04-03T19:56:31.560Z] [INFO] ✅ Auftrag aktualisiert: projects_471bc4c6 
[2026-04-03T19:56:31.569Z] [INFO] POST /api/documents 
[2026-04-03T19:56:31.571Z] [INFO] ✅ Dokument erstellt: documents_bc4baaf5 
[2026-04-03T19:56:31.577Z] [INFO] POST /api/documents 
[2026-04-03T19:56:31.578Z] [INFO] ✅ Dokument erstellt: documents_fe39137e 
[2026-04-03T19:56:31.583Z] [INFO] POST /api/documents 
[2026-04-03T19:56:31.585Z] [INFO] ✅ Dokument erstellt: documents_e4205291 
[2026-04-03T19:56:31.588Z] [INFO] GET /api/documents/project/projects_471bc4c6 
[2026-04-03T19:56:38.910Z] [INFO] PUT /api/projects/projects_471bc4c6 
[2026-04-03T19:56:38.913Z] [INFO] ✅ Auftrag aktualisiert: projects_471bc4c6 
[2026-04-03T19:56:39.356Z] [INFO] GET /api/projects/projects_471bc4c6 
[2026-04-03T19:56:39.359Z] [INFO] GET /api/settings 
[2026-04-03T19:56:39.373Z] [INFO] GET /api/customers/customers_bba50869 
[2026-04-03T19:56:41.151Z] [INFO] POST /api/workspace/save-pdf 
[2026-04-03T19:56:41.155Z] [INFO] 📄 PDF gespeichert: auftraege\K-00002\projects_471bc4c6\vertraege\Vertrag_User_Demo.pdf 
[2026-04-03T19:56:52.178Z] [INFO] GET /api/settings 
[2026-04-03T19:57:08.392Z] [INFO] GET /api/workspace/info 
