[2026-04-05T13:17:49.929Z] [INFO] 🗄️  SQLite geöffnet: C:\test\test\data\pixframe.sqlite (vorhanden) 
[2026-04-05T13:17:49.943Z] [INFO] 📊 Migration: v1 → v2 
[2026-04-05T13:17:49.946Z] [INFO]   ➕ projects.project_number hinzugefügt 
[2026-04-05T13:17:49.950Z] [INFO] ✅ Migration → v2 
[2026-04-05T13:17:49.952Z] [INFO] ✅ Datenbank bereit. 
[2026-04-05T13:17:50.901Z] [INFO] GET /api/health 
[2026-04-05T13:17:54.707Z] [INFO] GET /api/customers 
[2026-04-05T13:17:54.712Z] [INFO] GET /api/suppliers 
[2026-04-05T13:17:54.715Z] [INFO] GET /api/documents 
[2026-04-05T13:17:54.721Z] [INFO] GET /api/projects 
[2026-04-05T13:17:54.793Z] [INFO] GET /api/settings 
[2026-04-05T13:18:01.325Z] [INFO] POST /api/projects 
[2026-04-05T13:18:01.331Z] [INFO] 📁 Projektordner erstellt: auftraege\K-00001\Proj-2026-04_00001 "Neue Anfrage"
[2026-04-05T13:18:01.332Z] [INFO] ✅ Auftrag erstellt: projects_7c14aef9 "Neue Anfrage"
[2026-04-05T13:18:01.768Z] [INFO] GET /api/articles 
[2026-04-05T13:18:01.772Z] [INFO] GET /api/settings 
[2026-04-05T13:18:01.782Z] [INFO] GET /api/documents/project/projects_7c14aef9 
[2026-04-05T13:18:06.762Z] [INFO] PUT /api/projects/projects_7c14aef9 
[2026-04-05T13:18:06.765Z] [INFO] ✅ Auftrag aktualisiert: projects_7c14aef9 
[2026-04-05T13:18:06.777Z] [INFO] PUT /api/projects/projects_7c14aef9 
[2026-04-05T13:18:06.779Z] [INFO] ✅ Auftrag aktualisiert: projects_7c14aef9 
[2026-04-05T13:18:08.691Z] [INFO] PUT /api/projects/projects_7c14aef9 
[2026-04-05T13:18:08.694Z] [INFO] ✅ Auftrag aktualisiert: projects_7c14aef9 
[2026-04-05T13:18:08.705Z] [INFO] GET /api/projects 
[2026-04-05T13:18:15.826Z] [INFO] GET /api/projects/next-contract-number 
[2026-04-05T13:18:15.832Z] [INFO] PUT /api/projects/projects_7c14aef9 
[2026-04-05T13:18:15.834Z] [INFO] ✅ Auftrag aktualisiert: projects_7c14aef9 
[2026-04-05T13:18:15.843Z] [INFO] PUT /api/projects/projects_7c14aef9 
[2026-04-05T13:18:15.846Z] [INFO] ✅ Auftrag aktualisiert: projects_7c14aef9 
[2026-04-05T13:18:15.857Z] [INFO] POST /api/documents 
[2026-04-05T13:18:15.861Z] [INFO] ✅ Dokument erstellt: documents_d2e6c026 
[2026-04-05T13:18:15.866Z] [INFO] POST /api/documents 
[2026-04-05T13:18:15.867Z] [INFO] ✅ Dokument erstellt: documents_217c6c91 
[2026-04-05T13:18:15.871Z] [INFO] POST /api/documents 
[2026-04-05T13:18:15.872Z] [INFO] ✅ Dokument erstellt: documents_6725266d 
[2026-04-05T13:18:15.876Z] [INFO] GET /api/documents/project/projects_7c14aef9 
[2026-04-05T13:18:25.014Z] [INFO] POST /api/projects/projects_7c14aef9/contracts 
[2026-04-05T13:18:25.024Z] [INFO] ✅ Auftrag aktualisiert: projects_7c14aef9 
[2026-04-05T13:18:25.040Z] [INFO] PUT /api/projects/projects_7c14aef9 
[2026-04-05T13:18:25.045Z] [INFO] ✅ Auftrag aktualisiert: projects_7c14aef9 
[2026-04-05T13:18:28.288Z] [INFO] GET /api/settings 
[2026-04-05T13:18:28.304Z] [INFO] GET /api/articles 
[2026-04-05T13:18:32.660Z] [INFO] POST /api/documents/generate 
[2026-04-05T13:18:32.672Z] [INFO] ✅ Rechnung erstellt: RE-2026-04/00002 
[2026-04-05T13:18:32.676Z] [INFO] GET /api/documents 
[2026-04-05T13:18:32.691Z] [INFO] GET /api/documents 
[2026-04-05T13:18:32.699Z] [INFO] GET /api/documents 
[2026-04-05T13:18:32.706Z] [INFO] GET /api/documents/project/projects_7c14aef9 
[2026-04-05T13:18:37.762Z] [INFO] PATCH /api/documents/documents_4c50eaf9/status 
[2026-04-05T13:18:37.769Z] [INFO] GET /api/documents 
[2026-04-05T13:18:37.782Z] [INFO] GET /api/documents/project/projects_7c14aef9 
[2026-04-05T13:18:37.794Z] [INFO] PUT /api/projects/projects_7c14aef9 
[2026-04-05T13:18:37.797Z] [INFO] ✅ Auftrag aktualisiert: projects_7c14aef9 
[2026-04-05T13:18:40.778Z] [INFO] GET /api/workspace/info 
[2026-04-05T13:39:27.432Z] [INFO] GET /api/settings 
[2026-04-05T13:39:27.440Z] [INFO] GET /api/documents/project/projects_7c14aef9 
[2026-04-05T18:29:39.566Z] [INFO] 🔒 Datenbank geschlossen. 
[2026-04-05T18:29:47.503Z] [INFO] 🗄️  SQLite geöffnet: C:\test\test\data\pixframe.sqlite (vorhanden) 
[2026-04-05T18:29:47.513Z] [INFO] 📊 Schema v2 ist aktuell. 
[2026-04-05T18:29:47.517Z] [INFO] ✅ Datenbank bereit. 
[2026-04-05T18:29:48.520Z] [INFO] GET /api/health 
[2026-04-05T18:29:52.296Z] [INFO] GET /api/customers 
[2026-04-05T18:29:52.300Z] [INFO] GET /api/suppliers 
[2026-04-05T18:29:52.303Z] [INFO] GET /api/projects 
[2026-04-05T18:29:52.313Z] [INFO] GET /api/documents 
[2026-04-05T18:29:52.401Z] [INFO] GET /api/settings 
[2026-04-05T18:29:56.431Z] [INFO] GET /api/articles 
[2026-04-05T18:29:56.437Z] [INFO] GET /api/settings 
[2026-04-05T18:29:56.448Z] [INFO] GET /api/documents/project/projects_40319f3f 
[2026-04-05T18:29:59.053Z] [INFO] GET /api/customers 
[2026-04-05T18:29:59.057Z] [INFO] GET /api/documents 
[2026-04-05T18:29:59.065Z] [INFO] GET /api/suppliers 
[2026-04-05T18:29:59.067Z] [INFO] GET /api/projects 
[2026-04-05T18:29:59.082Z] [INFO] GET /api/settings 
[2026-04-05T18:30:02.096Z] [INFO] GET /api/settings 
[2026-04-05T18:30:02.102Z] [INFO] GET /api/documents/project/projects_47750842 
[2026-04-05T18:30:08.204Z] [INFO] GET /api/settings 
[2026-04-05T18:30:08.228Z] [INFO] GET /api/articles 
[2026-04-05T18:30:10.401Z] [INFO] POST /api/documents/documents_da216b2b/revise 
[2026-04-05T18:30:12.214Z] [INFO] POST /api/documents/documents_da216b2b/revise 
[2026-04-05T18:30:16.389Z] [INFO] POST /api/documents/documents_da216b2b/revise 
[2026-04-05T18:30:27.577Z] [INFO] GET /api/projects/next-contract-number 
[2026-04-05T18:30:27.585Z] [INFO] PUT /api/projects/projects_47750842 
[2026-04-05T18:30:27.596Z] [INFO] ✅ Auftrag aktualisiert: projects_47750842 
[2026-04-05T18:30:27.603Z] [INFO] PUT /api/projects/projects_47750842 
[2026-04-05T18:30:27.606Z] [INFO] ✅ Auftrag aktualisiert: projects_47750842 
[2026-04-05T18:30:27.618Z] [INFO] POST /api/documents 
[2026-04-05T18:30:27.621Z] [INFO] ✅ Dokument erstellt: documents_9d360aac 
[2026-04-05T18:30:27.627Z] [INFO] POST /api/documents 
[2026-04-05T18:30:27.629Z] [INFO] ✅ Dokument erstellt: documents_b4ac1b21 
[2026-04-05T18:30:27.635Z] [INFO] POST /api/documents 
[2026-04-05T18:30:27.637Z] [INFO] ✅ Dokument erstellt: documents_1f1573b2 
[2026-04-05T18:30:27.642Z] [INFO] GET /api/documents/project/projects_47750842 
[2026-04-05T18:30:28.294Z] [INFO] GET /api/settings 
[2026-04-05T18:30:28.304Z] [INFO] GET /api/projects/projects_47750842 
[2026-04-05T18:30:28.311Z] [INFO] GET /api/settings 
[2026-04-05T18:30:28.325Z] [INFO] GET /api/settings 
[2026-04-05T18:30:28.347Z] [INFO] GET /api/customers/customers_b0087e49 
[2026-04-05T18:30:30.110Z] [INFO] POST /api/workspace/save-pdf 
[2026-04-05T18:30:30.118Z] [INFO] 📄 PDF gespeichert: auftraege\K-00001\projects_47750842\vertraege\AGB_Emanuel_Markus.pdf 
[2026-04-05T18:30:30.143Z] [INFO] POST /api/workspace/save-pdf 
[2026-04-05T18:30:30.149Z] [INFO] 📄 PDF gespeichert: auftraege\K-00001\projects_47750842\vertraege\DSGVO_Emanuel_Markus.pdf 
[2026-04-05T18:30:30.262Z] [INFO] POST /api/workspace/save-pdf 
[2026-04-05T18:30:30.268Z] [INFO] 📄 PDF gespeichert: auftraege\K-00001\projects_47750842\vertraege\ADV_Emanuel_Markus.pdf 
[2026-04-05T18:30:31.647Z] [INFO] GET /api/settings 
[2026-04-05T18:30:31.658Z] [INFO] GET /api/articles 
[2026-04-05T18:30:34.680Z] [INFO] POST /api/documents/documents_da216b2b/revise 
[2026-04-05T18:30:40.114Z] [INFO] GET /api/settings 
[2026-04-05T18:30:40.127Z] [INFO] GET /api/articles 
[2026-04-05T18:30:42.907Z] [INFO] POST /api/documents/generate 
[2026-04-05T18:30:42.912Z] [INFO] ✅ Rechnung erstellt: RE-2026-04/00003 
[2026-04-05T18:30:42.918Z] [INFO] GET /api/documents 
[2026-04-05T18:30:42.931Z] [INFO] GET /api/documents 
[2026-04-05T18:30:42.936Z] [INFO] GET /api/documents 
[2026-04-05T18:30:42.946Z] [INFO] GET /api/documents/project/projects_47750842 
[2026-04-05T18:30:46.627Z] [INFO] GET /api/settings 
[2026-04-05T18:30:46.634Z] [INFO] GET /api/articles 
[2026-04-05T18:30:49.098Z] [INFO] POST /api/documents/generate 
[2026-04-05T18:30:49.102Z] [INFO] ✅ Rechnung erstellt: RE-2026-04/00004 
[2026-04-05T18:30:49.110Z] [INFO] GET /api/documents 
[2026-04-05T18:30:49.126Z] [INFO] GET /api/documents 
[2026-04-05T18:30:49.132Z] [INFO] PUT /api/projects/projects_47750842 
[2026-04-05T18:30:49.136Z] [INFO] ✅ Auftrag aktualisiert: projects_47750842 
[2026-04-05T18:30:49.137Z] [INFO] GET /api/documents 
[2026-04-05T18:30:49.148Z] [INFO] GET /api/documents/project/projects_47750842 
[2026-04-05T18:31:02.880Z] [INFO] GET /api/customers 
[2026-04-05T18:31:02.882Z] [INFO] GET /api/suppliers 
[2026-04-05T18:31:02.885Z] [INFO] GET /api/projects 
[2026-04-05T18:31:02.891Z] [INFO] GET /api/documents 
[2026-04-05T18:31:02.903Z] [INFO] GET /api/settings 
[2026-04-05T18:31:07.235Z] [INFO] POST /api/projects 
[2026-04-05T18:31:07.248Z] [INFO] 📁 Projektordner erstellt: auftraege\K-00001\Proj-2026-04_00002 "Neue Anfrage"
[2026-04-05T18:31:07.249Z] [INFO] ✅ Auftrag erstellt: projects_0ca643b8 "Neue Anfrage"
[2026-04-05T18:31:07.264Z] [INFO] GET /api/settings 
[2026-04-05T18:31:07.269Z] [INFO] GET /api/documents/project/projects_0ca643b8 
[2026-04-05T18:31:10.154Z] [INFO] PUT /api/projects/projects_0ca643b8 
[2026-04-05T18:31:10.157Z] [INFO] ✅ Auftrag aktualisiert: projects_0ca643b8 
[2026-04-05T18:31:10.163Z] [INFO] PUT /api/projects/projects_0ca643b8 
[2026-04-05T18:31:10.165Z] [INFO] ✅ Auftrag aktualisiert: projects_0ca643b8 
[2026-04-05T18:31:13.312Z] [INFO] PUT /api/projects/projects_0ca643b8 
[2026-04-05T18:31:13.315Z] [INFO] ✅ Auftrag aktualisiert: projects_0ca643b8 
[2026-04-05T18:31:13.321Z] [INFO] GET /api/projects 
[2026-04-05T18:31:15.327Z] [INFO] PUT /api/projects/projects_0ca643b8 
[2026-04-05T18:31:15.330Z] [INFO] ✅ Auftrag aktualisiert: projects_0ca643b8 
[2026-04-05T18:31:15.335Z] [INFO] GET /api/projects 
[2026-04-05T18:31:22.400Z] [INFO] GET /api/projects/next-contract-number 
[2026-04-05T18:31:22.411Z] [INFO] PUT /api/projects/projects_0ca643b8 
[2026-04-05T18:31:22.413Z] [INFO] ✅ Auftrag aktualisiert: projects_0ca643b8 
[2026-04-05T18:31:22.420Z] [INFO] PUT /api/projects/projects_0ca643b8 
[2026-04-05T18:31:22.422Z] [INFO] ✅ Auftrag aktualisiert: projects_0ca643b8 
[2026-04-05T18:31:22.430Z] [INFO] POST /api/documents 
[2026-04-05T18:31:22.432Z] [INFO] ✅ Dokument erstellt: documents_6348863c 
[2026-04-05T18:31:22.437Z] [INFO] POST /api/documents 
[2026-04-05T18:31:22.440Z] [INFO] ✅ Dokument erstellt: documents_c5e96634 
[2026-04-05T18:31:22.446Z] [INFO] POST /api/documents 
[2026-04-05T18:31:22.449Z] [INFO] ✅ Dokument erstellt: documents_0437cf02 
[2026-04-05T18:31:22.453Z] [INFO] GET /api/documents/project/projects_0ca643b8 
[2026-04-05T18:31:22.858Z] [INFO] GET /api/settings 
[2026-04-05T18:31:22.932Z] [INFO] GET /api/settings 
[2026-04-05T18:31:23.030Z] [INFO] GET /api/projects/projects_0ca643b8 
[2026-04-05T18:31:23.034Z] [INFO] GET /api/settings 
[2026-04-05T18:31:23.051Z] [INFO] GET /api/customers/customers_b0087e49 
[2026-04-05T18:31:24.667Z] [INFO] POST /api/workspace/save-pdf 
[2026-04-05T18:31:24.673Z] [INFO] 📄 PDF gespeichert: auftraege\K-00001\Proj-2026-04_00002\vertraege\AGB_Emanuel_Markus.pdf 
[2026-04-05T18:31:24.765Z] [INFO] POST /api/workspace/save-pdf 
[2026-04-05T18:31:24.770Z] [INFO] 📄 PDF gespeichert: auftraege\K-00001\Proj-2026-04_00002\vertraege\DSGVO_Emanuel_Markus.pdf 
[2026-04-05T18:31:24.879Z] [INFO] POST /api/workspace/save-pdf 
[2026-04-05T18:31:24.883Z] [INFO] 📄 PDF gespeichert: auftraege\K-00001\Proj-2026-04_00002\vertraege\ADV_Emanuel_Markus.pdf 
[2026-04-05T18:31:26.377Z] [INFO] GET /api/projects/next-contract-number 
[2026-04-05T18:31:26.382Z] [INFO] PUT /api/projects/projects_0ca643b8 
[2026-04-05T18:31:26.384Z] [INFO] ✅ Auftrag aktualisiert: projects_0ca643b8 
[2026-04-05T18:31:26.392Z] [INFO] PUT /api/projects/projects_0ca643b8 
[2026-04-05T18:31:26.395Z] [INFO] ✅ Auftrag aktualisiert: projects_0ca643b8 
[2026-04-05T18:31:26.401Z] [INFO] PUT /api/projects/projects_0ca643b8 
[2026-04-05T18:31:26.404Z] [INFO] ✅ Auftrag aktualisiert: projects_0ca643b8 
[2026-04-05T18:31:29.898Z] [INFO] GET /api/settings 
[2026-04-05T18:31:29.904Z] [INFO] GET /api/articles 
[2026-04-05T18:31:32.224Z] [INFO] POST /api/documents/generate 
[2026-04-05T18:31:32.228Z] [INFO] ✅ Rechnung erstellt: RE-2026-04/00005 
[2026-04-05T18:31:32.233Z] [INFO] GET /api/documents 
[2026-04-05T18:31:32.246Z] [INFO] GET /api/documents 
[2026-04-05T18:31:32.252Z] [INFO] GET /api/documents 
[2026-04-05T18:31:32.263Z] [INFO] GET /api/documents/project/projects_0ca643b8 
[2026-04-05T18:31:35.606Z] [INFO] GET /api/settings 
[2026-04-05T18:31:35.614Z] [INFO] GET /api/articles 
[2026-04-05T18:31:51.052Z] [INFO] POST /api/documents/generate 
[2026-04-05T18:31:51.057Z] [INFO] ✅ Rechnung erstellt: RE-2026-04/00006 
[2026-04-05T18:31:51.063Z] [INFO] GET /api/documents 
[2026-04-05T18:31:51.082Z] [INFO] GET /api/documents 
[2026-04-05T18:31:51.090Z] [INFO] PUT /api/projects/projects_0ca643b8 
[2026-04-05T18:31:51.094Z] [INFO] ✅ Auftrag aktualisiert: projects_0ca643b8 
[2026-04-05T18:31:51.096Z] [INFO] GET /api/documents 
[2026-04-05T18:31:51.106Z] [INFO] GET /api/documents/project/projects_0ca643b8 
[2026-04-05T18:31:55.302Z] [INFO] GET /api/workspace/info 
[2026-04-05T18:32:20.537Z] [INFO] GET /api/workspace/info 
[2026-04-05T18:32:41.291Z] [INFO] POST /api/projects/projects_0ca643b8/contracts 
[2026-04-05T18:32:41.301Z] [INFO] ✅ Auftrag aktualisiert: projects_0ca643b8 
[2026-04-05T18:32:41.314Z] [INFO] PUT /api/projects/projects_0ca643b8 
[2026-04-05T18:32:41.317Z] [INFO] ✅ Auftrag aktualisiert: projects_0ca643b8 
[2026-04-05T18:32:50.495Z] [INFO] GET /api/workspace/info 
[2026-04-05T18:33:04.143Z] [INFO] GET /api/projects/projects_0ca643b8 
[2026-04-05T18:33:04.149Z] [INFO] GET /api/settings 
[2026-04-05T18:33:04.168Z] [INFO] GET /api/customers/customers_b0087e49 
[2026-04-05T18:33:05.878Z] [INFO] POST /api/workspace/save-pdf 
[2026-04-05T18:33:05.883Z] [INFO] 📄 PDF gespeichert: auftraege\K-00001\Proj-2026-04_00002\vertraege\Vertrag_Emanuel_Markus.pdf 
[2026-04-05T18:33:48.684Z] [INFO] GET /api/workspace/info 
[2026-04-05T18:34:04.952Z] [INFO] GET /api/documents 
[2026-04-05T18:34:04.964Z] [INFO] GET /api/projects 
[2026-04-05T18:34:04.974Z] [INFO] GET /api/customers 
[2026-04-05T18:34:04.983Z] [INFO] GET /api/fibu 
[2026-04-05T18:34:04.992Z] [INFO] POST /api/fibu/mileage 
[2026-04-05T18:34:07.022Z] [INFO] GET /api/fibu/datev-export 
[2026-04-05T18:34:12.805Z] [INFO] GET /api/settings 
[2026-04-05T18:34:12.810Z] [INFO] GET /api/documents 
[2026-04-05T18:34:12.825Z] [INFO] GET /api/customers 
[2026-04-05T18:34:12.829Z] [INFO] GET /api/projects 
[2026-04-05T18:34:12.834Z] [INFO] GET /api/fibu 
[2026-04-05T18:34:14.563Z] [INFO] POST /api/workspace/save-pdf 
[2026-04-05T18:34:49.777Z] [INFO] POST /api/fibu/expenses 
[2026-04-05T18:35:01.663Z] [INFO] GET /api/customers 
[2026-04-05T18:35:01.666Z] [INFO] GET /api/suppliers 
[2026-04-05T18:35:01.671Z] [INFO] GET /api/projects 
[2026-04-05T18:35:01.684Z] [INFO] GET /api/documents 
[2026-04-05T18:35:01.702Z] [INFO] GET /api/settings 
[2026-04-05T18:35:20.794Z] [INFO] GET /api/settings 
[2026-04-05T18:35:20.811Z] [INFO] GET /api/backup/list 
[2026-04-05T18:35:20.818Z] [INFO] GET /api/backup/list 
[2026-04-05T18:35:24.688Z] [INFO] GET /api/workspace/info 
[2026-04-05T18:40:44.994Z] [INFO] 🗄️  SQLite geöffnet: C:\Users\m.emanuel\Desktop\PixFrameWorkspace\PF-Data\data\pixframe.sqlite (vorhanden) 
[2026-04-05T18:40:45.000Z] [INFO] 📊 Schema v2 ist aktuell. 
[2026-04-05T18:40:45.003Z] [INFO] ✅ Datenbank bereit. 
[2026-04-05T18:40:46.015Z] [INFO] GET /api/health 
[2026-04-05T18:40:48.602Z] [INFO] GET /api/customers 
[2026-04-05T18:40:48.607Z] [INFO] GET /api/suppliers 
[2026-04-05T18:40:48.610Z] [INFO] GET /api/projects 
[2026-04-05T18:40:48.616Z] [INFO] GET /api/documents 
[2026-04-05T18:40:48.665Z] [INFO] GET /api/settings 
[2026-04-05T18:41:02.383Z] [INFO] GET /api/customers 
[2026-04-05T18:41:21.932Z] [INFO] GET /api/settings 
[2026-04-05T18:41:21.968Z] [INFO] GET /api/backup/list 
[2026-04-05T18:41:21.978Z] [INFO] GET /api/backup/list 
[2026-04-05T18:42:21.280Z] [INFO] GET /api/workspace/info 
[2026-04-05T19:46:41.322Z] [INFO] GET /api/settings 
[2026-04-05T19:46:41.334Z] [INFO] GET /api/backup/list 
[2026-04-05T19:46:41.337Z] [INFO] GET /api/backup/list 
[2026-04-05T19:46:45.332Z] [INFO] GET /api/workspace/info 
[2026-04-05T19:46:59.168Z] [INFO] POST /api/api/reset/execute 
[2026-04-05T19:49:44.170Z] [INFO] 🔒 Datenbank geschlossen. 
[2026-04-05T19:50:04.734Z] [INFO] 🗄️  SQLite geöffnet: C:\Users\m.emanuel\Desktop\PixFrameWorkspace\PF-Data\data\pixframe.sqlite (vorhanden) 
[2026-04-05T19:50:04.739Z] [INFO] 📊 Schema v2 ist aktuell. 
[2026-04-05T19:50:04.742Z] [INFO] ✅ Datenbank bereit. 
[2026-04-05T19:50:05.749Z] [INFO] GET /api/health 
[2026-04-05T19:50:07.988Z] [INFO] GET /api/customers 
[2026-04-05T19:50:07.991Z] [INFO] GET /api/suppliers 
[2026-04-05T19:50:07.994Z] [INFO] GET /api/projects 
[2026-04-05T19:50:07.998Z] [INFO] GET /api/documents 
[2026-04-05T19:50:08.059Z] [INFO] GET /api/settings 
[2026-04-05T19:50:13.476Z] [INFO] GET /api/settings 
[2026-04-05T19:50:13.497Z] [INFO] GET /api/backup/list 
[2026-04-05T19:50:13.502Z] [INFO] GET /api/backup/list 
[2026-04-05T19:50:18.096Z] [INFO] GET /api/workspace/info 
[2026-04-05T19:50:24.664Z] [INFO] POST /api/api/reset/execute 
[2026-04-05T19:50:27.662Z] [INFO] GET /api/customers 
[2026-04-05T19:50:27.666Z] [INFO] GET /api/suppliers 
[2026-04-05T19:50:27.668Z] [INFO] GET /api/projects 
[2026-04-05T19:50:27.673Z] [INFO] GET /api/documents 
[2026-04-05T19:50:27.686Z] [INFO] GET /api/settings 
[2026-04-05T19:50:37.367Z] [INFO] 🔒 Datenbank geschlossen. 
[2026-04-05T19:55:34.381Z] [INFO] 🗄️  SQLite geöffnet: C:\Users\m.emanuel\Desktop\PixFrameWorkspace\PF-Data\data\pixframe.sqlite (vorhanden) 
[2026-04-05T19:55:34.387Z] [INFO] 📊 Schema v2 ist aktuell. 
[2026-04-05T19:55:34.391Z] [INFO] ✅ Datenbank bereit. 
[2026-04-05T19:55:35.348Z] [INFO] GET /api/health 
[2026-04-05T19:55:37.260Z] [INFO] GET /api/customers 
[2026-04-05T19:55:37.264Z] [INFO] GET /api/suppliers 
[2026-04-05T19:55:37.266Z] [INFO] GET /api/projects 
[2026-04-05T19:55:37.270Z] [INFO] GET /api/documents 
[2026-04-05T19:55:37.325Z] [INFO] GET /api/settings 
[2026-04-05T19:55:42.402Z] [INFO] GET /api/settings 
[2026-04-05T19:55:42.421Z] [INFO] GET /api/backup/list 
[2026-04-05T19:55:42.425Z] [INFO] GET /api/backup/list 
[2026-04-05T19:55:44.625Z] [INFO] GET /api/workspace/info 
[2026-04-05T19:55:52.912Z] [INFO] POST /api/reset/execute 
[2026-04-05T19:55:52.937Z] [INFO] 🧹 Ordner geleert: C:\Users\m.emanuel\Desktop\PixFrameWorkspace\PF-Data\auftraege (2 Einträge) 
[2026-04-05T19:55:52.939Z] [INFO] 🧹 Ordner geleert: C:\Users\m.emanuel\Desktop\PixFrameWorkspace\PF-Data\buchhaltung\belege (0 Einträge) 
[2026-04-05T19:55:52.940Z] [INFO] 🔄 Datenbank-Reset erfolgreich durchgeführt. 
[2026-04-05T19:55:55.665Z] [INFO] GET /api/customers 
[2026-04-05T19:55:55.669Z] [INFO] GET /api/suppliers 
[2026-04-05T19:55:55.672Z] [INFO] GET /api/projects 
[2026-04-05T19:55:55.675Z] [INFO] GET /api/documents 
[2026-04-05T19:55:55.680Z] [INFO] GET /api/settings 
[2026-04-05T19:55:58.888Z] [INFO] GET /api/customers 
[2026-04-05T19:56:05.766Z] [INFO] GET /api/articles 
[2026-04-05T19:56:14.206Z] [INFO] 🔒 Datenbank geschlossen. 
