[2026-04-01T04:24:48.936Z] [INFO] 🗄️  SQLite geöffnet: C:\Users\m.emanuel\Desktop\PixFrameWorkspace\backend\data\pixframe.sqlite (vorhanden) 
[2026-04-01T04:24:48.940Z] [INFO] 📊 Schema v1 ist aktuell. 
[2026-04-01T04:24:48.942Z] [INFO] ✅ Datenbank bereit. 
[2026-04-01T04:24:49.900Z] [INFO] GET /api/health 
[2026-04-01T04:24:52.811Z] [INFO] GET /api/customers 
[2026-04-01T04:24:52.814Z] [INFO] GET /api/suppliers 
[2026-04-01T04:24:52.816Z] [INFO] GET /api/documents 
[2026-04-01T04:24:52.819Z] [INFO] GET /api/projects 
[2026-04-01T04:24:52.859Z] [INFO] GET /api/settings 
[2026-04-01T04:25:03.248Z] [INFO] GET /api/articles 
[2026-04-01T04:25:03.251Z] [INFO] GET /api/settings 
[2026-04-01T04:25:03.256Z] [INFO] GET /api/documents/project/projects_47750842 
[2026-04-01T04:25:15.687Z] [INFO] GET /api/settings 
[2026-04-01T04:25:15.704Z] [INFO] GET /api/backup/list 
[2026-04-01T04:25:15.707Z] [INFO] GET /api/backup/list 
[2026-04-01T04:25:51.522Z] [INFO] GET /api/customers 
[2026-04-01T04:25:51.526Z] [INFO] GET /api/suppliers 
[2026-04-01T04:25:51.527Z] [INFO] GET /api/projects 
[2026-04-01T04:25:51.529Z] [INFO] GET /api/documents 
[2026-04-01T04:25:51.537Z] [INFO] GET /api/settings 
[2026-04-01T04:26:04.130Z] [INFO] 🔒 Datenbank geschlossen. 
