[2026-03-31T03:43:49.667Z] [INFO] 🔒 Datenbank geschlossen. 
[2026-03-31T03:44:12.458Z] [INFO] 🗄️  SQLite geöffnet: C:\Users\m.emanuel\Desktop\PixFrameWorkspace\backend\data\pixframe.sqlite (vorhanden) 
[2026-03-31T03:44:12.463Z] [INFO] 📊 Schema v1 ist aktuell. 
[2026-03-31T03:44:12.465Z] [INFO] ✅ Datenbank bereit. 
[2026-03-31T03:44:12.752Z] [INFO] HEAD /api/health 
[2026-03-31T03:52:06.126Z] [INFO] 🔒 Datenbank geschlossen. 
[2026-03-31T03:52:13.714Z] [INFO] 🗄️  SQLite geöffnet: C:\Users\m.emanuel\Desktop\PixFrameWorkspace\backend\data\pixframe.sqlite (vorhanden) 
[2026-03-31T03:52:13.718Z] [INFO] 📊 Schema v1 ist aktuell. 
[2026-03-31T03:52:13.719Z] [INFO] ✅ Datenbank bereit. 
[2026-03-31T03:52:14.743Z] [INFO] GET /api/health 
[2026-03-31T03:53:20.852Z] [INFO] 🔒 Datenbank geschlossen. 
[2026-03-31T03:53:46.522Z] [INFO] 🗄️  SQLite geöffnet: C:\Users\m.emanuel\Desktop\PixFrameWorkspace\backend\data\pixframe.sqlite (vorhanden) 
[2026-03-31T03:53:46.528Z] [INFO] 📊 Schema v1 ist aktuell. 
[2026-03-31T03:53:46.531Z] [INFO] ✅ Datenbank bereit. 
[2026-03-31T03:53:47.549Z] [INFO] GET /api/health 
[2026-03-31T03:53:49.673Z] [INFO] GET /api/customers 
[2026-03-31T03:53:49.676Z] [INFO] GET /api/suppliers 
[2026-03-31T03:53:49.678Z] [INFO] GET /api/projects 
[2026-03-31T03:53:49.681Z] [INFO] GET /api/documents 
[2026-03-31T03:53:49.722Z] [INFO] GET /api/settings 
[2026-03-31T03:54:02.311Z] [INFO] 🔒 Datenbank geschlossen. 
