[2026-04-01T18:08:07.916Z] [INFO] 🗄️  SQLite geöffnet: C:\Users\m.emanuel\Desktop\PixFrameWorkspace\backend\data\pixframe.sqlite (vorhanden) 
[2026-04-01T18:08:07.927Z] [INFO] 📊 Schema v1 ist aktuell. 
[2026-04-01T18:08:07.929Z] [INFO] ✅ Datenbank bereit. 
[2026-04-01T18:09:53.692Z] [INFO] 🗄️  SQLite geöffnet: C:\Users\m.emanuel\Desktop\PixFrameWorkspace\backend\data\pixframe.sqlite (vorhanden) 
[2026-04-01T18:09:53.696Z] [INFO] 📊 Schema v1 ist aktuell. 
[2026-04-01T18:09:53.700Z] [INFO] ✅ Datenbank bereit. 
[2026-04-01T18:09:54.717Z] [INFO] GET /api/health 
[2026-04-01T18:09:56.895Z] [INFO] GET /api/suppliers 
[2026-04-01T18:09:56.898Z] [INFO] GET /api/customers 
[2026-04-01T18:09:56.901Z] [INFO] GET /api/projects 
[2026-04-01T18:09:56.904Z] [INFO] GET /api/documents 
[2026-04-01T18:09:56.946Z] [INFO] GET /api/settings 
[2026-04-01T18:10:02.470Z] [INFO] GET /api/settings 
[2026-04-01T18:10:02.493Z] [INFO] GET /api/backup/list 
[2026-04-01T18:10:02.495Z] [INFO] HEAD /uploads/logo/logo.png 
[2026-04-01T18:10:02.497Z] [INFO] GET /api/backup/list 
[2026-04-01T18:31:40.323Z] [INFO] 🔒 Datenbank geschlossen. 
[2026-04-01T18:31:46.182Z] [INFO] 🗄️  SQLite geöffnet: C:\Users\m.emanuel\Desktop\PixFrameWorkspace\backend\data\pixframe.sqlite (vorhanden) 
[2026-04-01T18:31:46.189Z] [INFO] 📊 Schema v1 ist aktuell. 
[2026-04-01T18:31:46.191Z] [INFO] ✅ Datenbank bereit. 
[2026-04-01T18:31:47.242Z] [INFO] GET /api/health 
[2026-04-01T18:31:49.152Z] [INFO] GET /api/customers 
[2026-04-01T18:31:49.158Z] [INFO] GET /api/suppliers 
[2026-04-01T18:31:49.159Z] [INFO] GET /api/projects 
[2026-04-01T18:31:49.162Z] [INFO] GET /api/documents 
[2026-04-01T18:31:49.196Z] [INFO] GET /api/settings 
[2026-04-01T18:31:55.358Z] [INFO] POST /api/projects 
[2026-04-01T18:31:55.365Z] [INFO] 📁 Projektordner erstellt: auftraege\K-00002\projects_6de471c6 "Neue Anfrage"
[2026-04-01T18:31:55.365Z] [INFO] ✅ Auftrag erstellt: projects_6de471c6 "Neue Anfrage"
[2026-04-01T18:31:55.706Z] [INFO] GET /api/articles 
[2026-04-01T18:31:55.710Z] [INFO] GET /api/settings 
[2026-04-01T18:31:55.715Z] [INFO] GET /api/documents/project/projects_6de471c6 
[2026-04-01T18:32:00.109Z] [INFO] PUT /api/projects/projects_6de471c6 
[2026-04-01T18:32:00.112Z] [INFO] ✅ Auftrag aktualisiert: projects_6de471c6 
[2026-04-01T18:32:00.117Z] [INFO] PUT /api/projects/projects_6de471c6 
[2026-04-01T18:32:00.119Z] [INFO] ✅ Auftrag aktualisiert: projects_6de471c6 
[2026-04-01T18:32:03.904Z] [INFO] PUT /api/projects/projects_6de471c6 
[2026-04-01T18:32:03.906Z] [INFO] ✅ Auftrag aktualisiert: projects_6de471c6 
[2026-04-01T18:32:03.911Z] [INFO] GET /api/projects 
[2026-04-01T18:32:12.606Z] [INFO] GET /api/projects/next-contract-number 
[2026-04-01T18:32:12.613Z] [INFO] PUT /api/projects/projects_6de471c6 
[2026-04-01T18:32:12.615Z] [INFO] ✅ Auftrag aktualisiert: projects_6de471c6 
[2026-04-01T18:32:12.620Z] [INFO] PUT /api/projects/projects_6de471c6 
[2026-04-01T18:32:12.622Z] [INFO] ✅ Auftrag aktualisiert: projects_6de471c6 
[2026-04-01T18:32:12.633Z] [INFO] POST /api/documents 
[2026-04-01T18:32:12.635Z] [INFO] ✅ Dokument erstellt: documents_1f42e619 
[2026-04-01T18:32:12.640Z] [INFO] POST /api/documents 
[2026-04-01T18:32:12.642Z] [INFO] ✅ Dokument erstellt: documents_5d481497 
[2026-04-01T18:32:12.645Z] [INFO] POST /api/documents 
[2026-04-01T18:32:12.646Z] [INFO] ✅ Dokument erstellt: documents_81fd545b 
[2026-04-01T18:32:12.649Z] [INFO] GET /api/documents/project/projects_6de471c6 
[2026-04-01T18:32:58.958Z] [INFO] PUT /api/projects/projects_6de471c6 
[2026-04-01T18:32:58.963Z] [INFO] ✅ Auftrag aktualisiert: projects_6de471c6 
[2026-04-01T18:32:59.471Z] [INFO] GET /api/projects/projects_6de471c6 
[2026-04-01T18:32:59.475Z] [INFO] GET /api/settings 
[2026-04-01T18:32:59.487Z] [INFO] GET /uploads/logo/logo.png 
[2026-04-01T18:32:59.493Z] [INFO] GET /api/customers/customers_bba50869 
[2026-04-01T18:33:01.222Z] [INFO] POST /api/workspace/save-pdf 
[2026-04-01T18:33:01.228Z] [INFO] 📄 PDF gespeichert: auftraege\K-00002\projects_6de471c6\dokumente\Dokument.pdf 
[2026-04-01T18:33:36.134Z] [INFO] 🔒 Datenbank geschlossen. 
